::1 - - [24/Jun/2024:15:20:11 +0000] "GET / HTTP/1.1" 404 139 "-" "Mozilla/5.0 (Windows NT 10.0; Win64; x64) AppleWebKit/537.36 (KHTML, like Gecko) Chrome/126.0.0.0 Safari/537.36"
::1 - - [24/Jun/2024:15:26:45 +0000] "GET / HTTP/1.1" 500 1111 "-" "PostmanRuntime/7.39.0"
::1 - - [24/Jun/2024:15:27:05 +0000] "GET / HTTP/1.1" 200 20 "-" "Mozilla/5.0 (Windows NT 10.0; Win64; x64) AppleWebKit/537.36 (KHTML, like Gecko) Chrome/126.0.0.0 Safari/537.36"
::1 - - [24/Jun/2024:15:27:05 +0000] "GET /favicon.ico HTTP/1.1" 404 150 "http://localhost:5000/" "Mozilla/5.0 (Windows NT 10.0; Win64; x64) AppleWebKit/537.36 (KHTML, like Gecko) Chrome/126.0.0.0 Safari/537.36"
::1 - - [24/Jun/2024:15:27:05 +0000] "GET / HTTP/1.1" 304 - "-" "Mozilla/5.0 (Windows NT 10.0; Win64; x64) AppleWebKit/537.36 (KHTML, like Gecko) Chrome/126.0.0.0 Safari/537.36"
::1 - - [24/Jun/2024:15:27:08 +0000] "GET / HTTP/1.1" 200 20 "-" "PostmanRuntime/7.39.0"
::1 - - [24/Jun/2024:15:29:52 +0000] "GET /api/auth/register HTTP/1.1" 404 156 "-" "PostmanRuntime/7.39.0"
::1 - - [24/Jun/2024:15:30:14 +0000] "GET /api/auth/register HTTP/1.1" 404 156 "-" "PostmanRuntime/7.39.0"
::1 - - [24/Jun/2024:15:30:29 +0000] "GET /api/auth/register HTTP/1.1" 404 156 "-" "PostmanRuntime/7.39.0"
::1 - - [24/Jun/2024:15:30:54 +0000] "POST /api/auth/register HTTP/1.1" 200 233 "-" "PostmanRuntime/7.39.0"
::1 - - [24/Jun/2024:15:31:57 +0000] "POST /api/auth/login HTTP/1.1" 400 33 "-" "PostmanRuntime/7.39.0"
::1 - - [24/Jun/2024:15:32:49 +0000] "POST /api/auth/login HTTP/1.1" 400 33 "-" "PostmanRuntime/7.39.0"
::1 - - [24/Jun/2024:15:32:59 +0000] "POST /api/auth/login HTTP/1.1" 400 33 "-" "PostmanRuntime/7.39.0"
::1 - - [24/Jun/2024:15:33:46 +0000] "POST /api/auth/login HTTP/1.1" 200 233 "-" "PostmanRuntime/7.39.0"
::1 - - [24/Jun/2024:15:39:46 +0000] "POST //api/books HTTP/1.1" 404 150 "-" "PostmanRuntime/7.39.0"
::1 - - [24/Jun/2024:15:39:55 +0000] "POST //api/book HTTP/1.1" 404 149 "-" "PostmanRuntime/7.39.0"
::1 - - [24/Jun/2024:15:40:04 +0000] "POST /api/books HTTP/1.1" 401 32 "-" "PostmanRuntime/7.39.0"
::1 - - [24/Jun/2024:15:40:36 +0000] "POST /api/auth/login HTTP/1.1" 200 233 "-" "PostmanRuntime/7.39.0"
::1 - - [24/Jun/2024:15:40:50 +0000] "POST /api/books HTTP/1.1" 401 32 "-" "PostmanRuntime/7.39.0"
::1 - - [24/Jun/2024:15:41:52 +0000] "POST /api/books HTTP/1.1" 401 32 "-" "PostmanRuntime/7.39.0"
::1 - - [24/Jun/2024:15:42:00 +0000] "POST /api/auth/login HTTP/1.1" 200 233 "-" "PostmanRuntime/7.39.0"
::1 - - [24/Jun/2024:15:42:15 +0000] "POST /api/books HTTP/1.1" 401 32 "-" "PostmanRuntime/7.39.0"
::1 - - [24/Jun/2024:15:44:04 +0000] "POST /api/books HTTP/1.1" 401 32 "-" "PostmanRuntime/7.39.0"
::1 - - [24/Jun/2024:16:46:16 +0000] "POST /api/books HTTP/1.1" 401 32 "-" "PostmanRuntime/7.39.0"
::1 - - [24/Jun/2024:16:46:23 +0000] "POST /api/auth/login HTTP/1.1" 200 233 "-" "PostmanRuntime/7.39.0"
::1 - - [24/Jun/2024:16:46:40 +0000] "POST /api/books HTTP/1.1" 401 32 "-" "PostmanRuntime/7.39.0"
::1 - - [24/Jun/2024:16:50:43 +0000] "POST /api/books HTTP/1.1" 401 32 "-" "PostmanRuntime/7.39.0"
::1 - - [24/Jun/2024:16:53:18 +0000] "POST /api/books HTTP/1.1" 401 32 "-" "PostmanRuntime/7.39.0"
::1 - - [24/Jun/2024:16:53:31 +0000] "POST /api/auth/login HTTP/1.1" 200 233 "-" "PostmanRuntime/7.39.0"
::1 - - [24/Jun/2024:16:53:43 +0000] "POST /api/books HTTP/1.1" 401 32 "-" "PostmanRuntime/7.39.0"
::1 - - [24/Jun/2024:16:54:53 +0000] "POST /api/books HTTP/1.1" 401 32 "-" "PostmanRuntime/7.39.0"
::1 - - [24/Jun/2024:17:03:31 +0000] "POST /api/books HTTP/1.1" 401 32 "-" "PostmanRuntime/7.39.0"
::1 - - [24/Jun/2024:17:07:07 +0000] "POST /api/auth/login HTTP/1.1" 200 233 "-" "PostmanRuntime/7.39.0"
::1 - - [24/Jun/2024:17:07:19 +0000] "POST /api/books HTTP/1.1" 401 32 "-" "PostmanRuntime/7.39.0"
::1 - - [24/Jun/2024:17:07:20 +0000] "POST /api/books HTTP/1.1" 401 32 "-" "PostmanRuntime/7.39.0"
